[    0.000000] Linux version 4.15.0-184-generic (buildd@lcy02-amd64-006) (gcc version 7.5.0 (Ubuntu 7.5.0-3ubuntu1~18.04)) #194-Ubuntu SMP Thu Jun 2 18:54:48 UTC 2022 (Ubuntu 4.15.0-184.194-generic 4.15.18)
[    0.000000] Command line: BOOT_IMAGE=/boot/vmlinuz-4.15.0-184-generic root=LABEL=cloudimg-rootfs ro console=tty1 console=ttyS0
[    0.000000] KERNEL supported cpus:
[    0.000000]   Intel GenuineIntel
[    0.000000]   AMD AuthenticAMD
[    0.000000]   Centaur CentaurHauls
[    0.000000] x86/fpu: Supporting XSAVE feature 0x001: 'x87 floating point registers'
[    0.000000] x86/fpu: Supporting XSAVE feature 0x002: 'SSE registers'
[    0.000000] x86/fpu: Supporting XSAVE feature 0x004: 'AVX registers'
[    0.000000] x86/fpu: xstate_offset[2]:  576, xstate_sizes[2]:  256
[    0.000000] x86/fpu: Enabled xstate features 0x7, context size is 832 bytes, using 'standard' format.
[    0.000000] e820: BIOS-provided physical RAM map:
[    0.000000] BIOS-e820: [mem 0x0000000000000000-0x000000000009fbff] usable
[    0.000000] BIOS-e820: [mem 0x000000000009fc00-0x000000000009ffff] reserved
[    0.000000] BIOS-e820: [mem 0x00000000000f0000-0x00000000000fffff] reserved
[    0.000000] BIOS-e820: [mem 0x0000000000100000-0x000000007ffeffff] usable
[    0.000000] BIOS-e820: [mem 0x000000007fff0000-0x000000007fffffff] ACPI data
[    0.000000] BIOS-e820: [mem 0x00000000fec00000-0x00000000fec00fff] reserved
[    0.000000] BIOS-e820: [mem 0x00000000fee00000-0x00000000fee00fff] reserved
[    0.000000] BIOS-e820: [mem 0x00000000fffc0000-0x00000000ffffffff] reserved
[    0.000000] NX (Execute Disable) protection: active
[    0.000000] SMBIOS 2.5 present.
[    0.000000] DMI: innotek GmbH VirtualBox/VirtualBox, BIOS VirtualBox 12/01/2006
[    0.000000] Hypervisor detected: KVM
[    0.000000] e820: last_pfn = 0x7fff0 max_arch_pfn = 0x400000000
[    0.000000] MTRR: Disabled
[    0.000000] x86/PAT: MTRRs disabled, skipping PAT initialization too.
[    0.000000] CPU MTRRs all blank - virtualized system.
[    0.000000] x86/PAT: Configuration [0-7]: WB  WT  UC- UC  WB  WT  UC- UC  
[    0.000000] found SMP MP-table at [mem 0x0009fff0-0x0009ffff]
[    0.000000] Scanning 1 areas for low memory corruption
[    0.000000] RAMDISK: [mem 0x359c9000-0x36cdbfff]
[    0.000000] ACPI: Early table checksum verification disabled
[    0.000000] ACPI: RSDP 0x00000000000E0000 000024 (v02 VBOX  )
[    0.000000] ACPI: XSDT 0x000000007FFF0030 00003C (v01 VBOX   VBOXXSDT 00000001 ASL  00000061)
[    0.000000] ACPI: FACP 0x000000007FFF00F0 0000F4 (v04 VBOX   VBOXFACP 00000001 ASL  00000061)
[    0.000000] ACPI: DSDT 0x000000007FFF0470 002324 (v02 VBOX   VBOXBIOS 00000002 INTL 20180105)
[    0.000000] ACPI: FACS 0x000000007FFF0200 000040
[    0.000000] ACPI: FACS 0x000000007FFF0200 000040
[    0.000000] ACPI: APIC 0x000000007FFF0240 00005C (v02 VBOX   VBOXAPIC 00000001 ASL  00000061)
[    0.000000] ACPI: SSDT 0x000000007FFF02A0 0001CC (v01 VBOX   VBOXCPUT 00000002 INTL 20180105)
[    0.000000] ACPI: Reserving FACP table memory at [mem 0x7fff00f0-0x7fff01e3]
[    0.000000] ACPI: Reserving DSDT table memory at [mem 0x7fff0470-0x7fff2793]
[    0.000000] ACPI: Reserving FACS table memory at [mem 0x7fff0200-0x7fff023f]
[    0.000000] ACPI: Reserving FACS table memory at [mem 0x7fff0200-0x7fff023f]
[    0.000000] ACPI: Reserving APIC table memory at [mem 0x7fff0240-0x7fff029b]
[    0.000000] ACPI: Reserving SSDT table memory at [mem 0x7fff02a0-0x7fff046b]
[    0.000000] No NUMA configuration found
[    0.000000] Faking a node at [mem 0x0000000000000000-0x000000007ffeffff]
[    0.000000] NODE_DATA(0) allocated [mem 0x7ffc5000-0x7ffeffff]
[    0.000000] kvm-clock: cpu 0, msr 0:7ff44001, primary cpu clock
[    0.000000] kvm-clock: Using msrs 4b564d01 and 4b564d00
[    0.000000] kvm-clock: using sched offset of 3192974834 cycles
[    0.000000] clocksource: kvm-clock: mask: 0xffffffffffffffff max_cycles: 0x1cd42e4dffb, max_idle_ns: 881590591483 ns
[    0.000000] Zone ranges:
[    0.000000]   DMA      [mem 0x0000000000001000-0x0000000000ffffff]
[    0.000000]   DMA32    [mem 0x0000000001000000-0x000000007ffeffff]
[    0.000000]   Normal   empty
[    0.000000]   Device   empty
[    0.000000] Movable zone start for each node
[    0.000000] Early memory node ranges
[    0.000000]   node   0: [mem 0x0000000000001000-0x000000000009efff]
[    0.000000]   node   0: [mem 0x0000000000100000-0x000000007ffeffff]
[    0.000000] Reserved but unavailable: 104 pages
[    0.000000] Initmem setup node 0 [mem 0x0000000000001000-0x000000007ffeffff]
[    0.000000] ACPI: PM-Timer IO Port: 0x4008
[    0.000000] IOAPIC[0]: apic_id 2, version 32, address 0xfec00000, GSI 0-23
[    0.000000] ACPI: INT_SRC_OVR (bus 0 bus_irq 0 global_irq 2 dfl dfl)
[    0.000000] ACPI: INT_SRC_OVR (bus 0 bus_irq 9 global_irq 9 low level)
[    0.000000] Using ACPI (MADT) for SMP configuration information
[    0.000000] smpboot: Allowing 2 CPUs, 0 hotplug CPUs
[    0.000000] PM: Registered nosave memory: [mem 0x00000000-0x00000fff]
[    0.000000] PM: Registered nosave memory: [mem 0x0009f000-0x0009ffff]
[    0.000000] PM: Registered nosave memory: [mem 0x000a0000-0x000effff]
[    0.000000] PM: Registered nosave memory: [mem 0x000f0000-0x000fffff]
[    0.000000] e820: [mem 0x80000000-0xfebfffff] available for PCI devices
[    0.000000] Booting paravirtualized kernel on KVM
[    0.000000] clocksource: refined-jiffies: mask: 0xffffffff max_cycles: 0xffffffff, max_idle_ns: 7645519600211568 ns
[    0.000000] random: get_random_bytes called from start_kernel+0x99/0x500 with crng_init=0
[    0.000000] setup_percpu: NR_CPUS:8192 nr_cpumask_bits:2 nr_cpu_ids:2 nr_node_ids:1
[    0.000000] percpu: Embedded 50 pages/cpu s167936 r8192 d28672 u1048576
[    0.000000] PV qspinlock hash table entries: 256 (order: 0, 4096 bytes)
[    0.000000] Built 1 zonelists, mobility grouping on.  Total pages: 515961
[    0.000000] Policy zone: DMA32
[    0.000000] Kernel command line: BOOT_IMAGE=/boot/vmlinuz-4.15.0-184-generic root=LABEL=cloudimg-rootfs ro console=tty1 console=ttyS0
[    0.000000] Memory: 2014836K/2096696K available (12300K kernel code, 2484K rwdata, 4324K rodata, 2468K init, 2724K bss, 81860K reserved, 0K cma-reserved)
[    0.000000] SLUB: HWalign=64, Order=0-3, MinObjects=0, CPUs=2, Nodes=1
[    0.000000] Kernel/User page tables isolation: enabled
[    0.000000] ftrace: allocating 39508 entries in 155 pages
[    0.004000] Hierarchical RCU implementation.
[    0.004000] 	RCU restricting CPUs from NR_CPUS=8192 to nr_cpu_ids=2.
[    0.004000] 	Tasks RCU enabled.
[    0.004000] RCU: Adjusting geometry for rcu_fanout_leaf=16, nr_cpu_ids=2
[    0.004000] NR_IRQS: 524544, nr_irqs: 440, preallocated irqs: 16
[    0.004000] Console: colour VGA+ 80x25
[    0.004000] console [tty1] enabled
[    0.004000] console [ttyS0] enabled
[    0.004000] ACPI: Core revision 20170831
[    0.004000] ACPI: 2 ACPI AML tables successfully acquired and loaded
[    0.004000] APIC: Switch to symmetric I/O mode setup
[    0.004000] x2apic enabled
[    0.004000] Switched APIC routing to physical x2apic.
[    0.004000] ..TIMER: vector=0x30 apic1=0 pin1=2 apic2=-1 pin2=-1
[    0.004005] tsc: Detected 2294.732 MHz processor
[    0.004801] Calibrating delay loop (skipped) preset value.. 4589.46 BogoMIPS (lpj=9178928)
[    0.005404] pid_max: default: 32768 minimum: 301
[    0.006236] Security Framework initialized
[    0.008003] Yama: becoming mindful.
[    0.008660] AppArmor: AppArmor initialized
[    0.010073] Dentry cache hash table entries: 262144 (order: 9, 2097152 bytes)
[    0.012005] Inode-cache hash table entries: 131072 (order: 8, 1048576 bytes)
[    0.013214] Mount-cache hash table entries: 4096 (order: 3, 32768 bytes)
[    0.014264] Mountpoint-cache hash table entries: 4096 (order: 3, 32768 bytes)
[    0.016254] Last level iTLB entries: 4KB 1024, 2MB 1024, 4MB 1024
[    0.017356] Last level dTLB entries: 4KB 1024, 2MB 1024, 4MB 1024, 1GB 4
[    0.018404] Spectre V1 : Mitigation: usercopy/swapgs barriers and __user pointer sanitization
[    0.019750] Spectre V2 : Mitigation: Retpolines
[    0.020002] Spectre V2 : Spectre v2 / SpectreRSB mitigation: Filling RSB on context switch
[    0.021375] Speculative Store Bypass: Vulnerable
[    0.022177] MDS: Mitigation: Clear CPU buffers
[    0.023078] Freeing SMP alternatives memory: 36K
[    0.134231] smpboot: CPU0: Intel(R) Xeon(R) CPU E5-2670 v3 @ 2.30GHz (family: 0x6, model: 0x3f, stepping: 0x2)
[    0.136000] Performance Events: unsupported p6 CPU model 63 no PMU driver, software events only.
[    0.136000] Hierarchical SRCU implementation.
[    0.136683] NMI watchdog: Perf event create on CPU 0 failed with -2
[    0.137822] NMI watchdog: Perf NMI watchdog permanently disabled
[    0.138907] smp: Bringing up secondary CPUs ...
[    0.140102] x86: Booting SMP configuration:
[    0.140819] .... node  #0, CPUs:      #1
[    0.004000] kvm-clock: cpu 1, msr 0:7ff44041, secondary cpu clock
[    0.144020] smp: Brought up 1 node, 2 CPUs
[    0.144765] smpboot: Max logical packages: 1
[    0.145542] smpboot: Total of 2 processors activated (9178.92 BogoMIPS)
[    0.148200] devtmpfs: initialized
[    0.148684] x86/mm: Memory block size: 128MB
[    0.149638] evm: security.selinux
[    0.150248] evm: security.SMACK64
[    0.150877] evm: security.SMACK64EXEC
[    0.152004] evm: security.SMACK64TRANSMUTE
[    0.152711] evm: security.SMACK64MMAP
[    0.153346] evm: security.apparmor
[    0.153981] evm: security.ima
[    0.154518] evm: security.capability
[    0.155224] clocksource: jiffies: mask: 0xffffffff max_cycles: 0xffffffff, max_idle_ns: 7645041785100000 ns
[    0.156010] futex hash table entries: 512 (order: 3, 32768 bytes)
[    0.157131] pinctrl core: initialized pinctrl subsystem
[    0.158133] RTC time: 14:06:54, date: 10/15/22
[    0.160154] NET: Registered protocol family 16
[    0.161002] audit: initializing netlink subsys (disabled)
[    0.161944] audit: type=2000 audit(1665842818.899:1): state=initialized audit_enabled=0 res=1
[    0.161944] cpuidle: using governor ladder
[    0.164015] cpuidle: using governor menu
[    0.164742] ACPI: bus type PCI registered
[    0.165433] acpiphp: ACPI Hot Plug PCI Controller Driver version: 0.5
[    0.166636] PCI: Using configuration type 1 for base access
[    0.168777] HugeTLB registered 2.00 MiB page size, pre-allocated 0 pages
[    0.169266] ACPI: Added _OSI(Module Device)
[    0.169266] ACPI: Added _OSI(Processor Device)
[    0.172010] ACPI: Added _OSI(3.0 _SCP Extensions)
[    0.172841] ACPI: Added _OSI(Processor Aggregator Device)
[    0.173795] ACPI: Added _OSI(Linux-Dell-Video)
[    0.174589] ACPI: Added _OSI(Linux-Lenovo-NV-HDMI-Audio)
[    0.176003] ACPI: Added _OSI(Linux-HPI-Hybrid-Graphics)
[    0.177171] ACPI: Executed 1 blocks of module-level executable AML code
[    0.181691] ACPI: Interpreter enabled
[    0.182421] ACPI: (supports S0 S5)
[    0.183052] ACPI: Using IOAPIC for interrupt routing
[    0.184069] PCI: Using host bridge windows from ACPI; if necessary, use "pci=nocrs" and report a bug
[    0.185756] ACPI: Enabled 2 GPEs in block 00 to 07
[    0.192233] ACPI: PCI Root Bridge [PCI0] (domain 0000 [bus 00-ff])
[    0.193298] acpi PNP0A03:00: _OSC: OS supports [ASPM ClockPM Segments MSI]
[    0.194936] acpi PNP0A03:00: _OSC: not requesting OS control; OS requires [ExtendedConfig ASPM ClockPM MSI]
[    0.196014] acpi PNP0A03:00: fail to add MMCONFIG information, can't access extended PCI configuration space under this bridge.
[    0.198294] PCI host bridge to bus 0000:00
[    0.199030] pci_bus 0000:00: root bus resource [io  0x0000-0x0cf7 window]
[    0.200004] pci_bus 0000:00: root bus resource [io  0x0d00-0xffff window]
[    0.201123] pci_bus 0000:00: root bus resource [mem 0x000a0000-0x000bffff window]
[    0.202421] pci_bus 0000:00: root bus resource [mem 0x80000000-0xfdffffff window]
[    0.204015] pci_bus 0000:00: root bus resource [bus 00-ff]
[    0.208490] pci 0000:00:01.1: legacy IDE quirk: reg 0x10: [io  0x01f0-0x01f7]
[    0.209657] pci 0000:00:01.1: legacy IDE quirk: reg 0x14: [io  0x03f6]
[    0.210719] pci 0000:00:01.1: legacy IDE quirk: reg 0x18: [io  0x0170-0x0177]
[    0.211931] pci 0000:00:01.1: legacy IDE quirk: reg 0x1c: [io  0x0376]
[    0.230634] pci 0000:00:07.0: quirk: [io  0x4000-0x403f] claimed by PIIX4 ACPI
[    0.232017] pci 0000:00:07.0: quirk: [io  0x4100-0x410f] claimed by PIIX4 SMB
[    0.250176] ACPI: PCI Interrupt Link [LNKA] (IRQs 5 9 10 *11)
[    0.252333] ACPI: PCI Interrupt Link [LNKB] (IRQs 5 9 *10 11)
[    0.253451] ACPI: PCI Interrupt Link [LNKC] (IRQs 5 *9 10 11)
[    0.254570] ACPI: PCI Interrupt Link [LNKD] (IRQs 5 9 10 *11)
[    0.255924] SCSI subsystem initialized
[    0.256041] pci 0000:00:02.0: vgaarb: setting as boot VGA device
[    0.257099] pci 0000:00:02.0: vgaarb: VGA device added: decodes=io+mem,owns=io+mem,locks=none
[    0.258525] pci 0000:00:02.0: vgaarb: bridge control possible
[    0.260009] vgaarb: loaded
[    0.260575] ACPI: bus type USB registered
[    0.261291] usbcore: registered new interface driver usbfs
[    0.262208] usbcore: registered new interface driver hub
[    0.263138] usbcore: registered new device driver usb
[    0.264052] EDAC MC: Ver: 3.0.0
[    0.264832] PCI: Using ACPI for IRQ routing
[    0.265077] NetLabel: Initializing
[    0.265756] NetLabel:  domain hash size = 128
[    0.266474] NetLabel:  protocols = UNLABELED CIPSOv4 CALIPSO
[    0.268036] NetLabel:  unlabeled traffic allowed by default
[    0.268999] clocksource: Switched to clocksource kvm-clock
[    0.279610] VFS: Disk quotas dquot_6.6.0
[    0.280376] VFS: Dquot-cache hash table entries: 512 (order 0, 4096 bytes)
[    0.281609] AppArmor: AppArmor Filesystem Enabled
[    0.282426] pnp: PnP ACPI init
[    0.283854] pnp: PnP ACPI: found 3 devices
[    0.292732] clocksource: acpi_pm: mask: 0xffffff max_cycles: 0xffffff, max_idle_ns: 2085701024 ns
[    0.294321] NET: Registered protocol family 2
[    0.295150] IP idents hash table entries: 32768 (order: 6, 262144 bytes)
[    0.296650] TCP established hash table entries: 16384 (order: 5, 131072 bytes)
[    0.297942] TCP bind hash table entries: 16384 (order: 6, 262144 bytes)
[    0.299685] TCP: Hash tables configured (established 16384 bind 16384)
[    0.300932] UDP hash table entries: 1024 (order: 3, 32768 bytes)
[    0.301981] UDP-Lite hash table entries: 1024 (order: 3, 32768 bytes)
[    0.303149] NET: Registered protocol family 1
[    0.303948] pci 0000:00:00.0: Limiting direct PCI/PCI transfers
[    0.305153] pci 0000:00:01.0: Activating ISA DMA hang workarounds
[    0.306225] pci 0000:00:02.0: Video device with shadowed ROM at [mem 0x000c0000-0x000dffff]
[    0.307772] Unpacking initramfs...
[    0.568916] Freeing initrd memory: 19532K
[    0.569858] clocksource: tsc: mask: 0xffffffffffffffff max_cycles: 0x2113c49ac05, max_idle_ns: 440795285125 ns
[    0.571583] platform rtc_cmos: registered platform RTC device (no PNP device found)
[    0.573098] Scanning for low memory corruption every 60 seconds
[    0.574702] Initialise system trusted keyrings
[    0.575495] Key type blacklist registered
[    0.576258] workingset: timestamp_bits=36 max_order=19 bucket_order=0
[    0.578756] zbud: loaded
[    0.579723] squashfs: version 4.0 (2009/01/31) Phillip Lougher
[    0.580938] fuse init (API version 7.26)
[    0.583507] Key type asymmetric registered
[    0.584235] Asymmetric key parser 'x509' registered
[    0.585132] Block layer SCSI generic (bsg) driver version 0.4 loaded (major 246)
[    0.586442] io scheduler noop registered
[    0.587135] io scheduler deadline registered
[    0.587927] io scheduler cfq registered (default)
[    0.589097] ACPI: AC Adapter [AC] (on-line)
[    0.590887] input: Power Button as /devices/LNXSYSTM:00/LNXPWRBN:00/input/input0
[    0.593015] ACPI: Power Button [PWRF]
[    0.593772] input: Sleep Button as /devices/LNXSYSTM:00/LNXSLPBN:00/input/input1
[    0.595042] ACPI: Sleep Button [SLPF]
[    0.595985] Serial: 8250/16550 driver, 32 ports, IRQ sharing enabled
[    0.617799] 00:02: ttyS0 at I/O 0x3f8 (irq = 4, base_baud = 115200) is a 16550A
[    0.621693] Linux agpgart interface v0.103
[    0.625428] loop: module loaded
[    0.626555] scsi host0: ata_piix
[    0.627292] scsi host1: ata_piix
[    0.627945] ata1: PATA max UDMA/33 cmd 0x1f0 ctl 0x3f6 bmdma 0xd000 irq 14
[    0.629139] ata2: PATA max UDMA/33 cmd 0x170 ctl 0x376 bmdma 0xd008 irq 15
[    0.630304] tun: Universal TUN/TAP device driver, 1.6
[    0.631340] PPP generic driver version 2.4.2
[    0.632160] ehci_hcd: USB 2.0 'Enhanced' Host Controller (EHCI) Driver
[    0.633330] ehci-pci: EHCI PCI platform driver
[    0.634102] ehci-platform: EHCI generic platform driver
[    0.634929] ohci_hcd: USB 1.1 'Open' Host Controller (OHCI) Driver
[    0.635939] ohci-pci: OHCI PCI platform driver
[    0.636744] ohci-platform: OHCI generic platform driver
[    0.637695] uhci_hcd: USB Universal Host Controller Interface driver
[    0.638699] i8042: PNP: PS/2 Controller [PNP0303:PS2K,PNP0f03:PS2M] at 0x60,0x64 irq 1,12
[    0.640398] serio: i8042 KBD port at 0x60,0x64 irq 1
[    0.641334] serio: i8042 AUX port at 0x60,0x64 irq 12
[    0.642304] mousedev: PS/2 mouse device common for all mice
[    0.643730] input: AT Translated Set 2 keyboard as /devices/platform/i8042/serio0/input/input2
[    0.645519] rtc_cmos rtc_cmos: rtc core: registered rtc_cmos as rtc0
[    0.646616] rtc_cmos rtc_cmos: alarms up to one day, 114 bytes nvram
[    0.647633] i2c /dev entries driver
[    0.648334] device-mapper: uevent: version 1.0.3
[    0.649333] device-mapper: ioctl: 4.37.0-ioctl (2017-09-20) initialised: dm-devel@redhat.com
[    0.650841] ledtrig-cpu: registered to indicate activity on CPUs
[    0.652307] NET: Registered protocol family 10
[    0.656960] Segment Routing with IPv6
[    0.657677] NET: Registered protocol family 17
[    0.658477] Key type dns_resolver registered
[    0.659413] mce: Using 0 MCE banks
[    0.660036] RAS: Correctable Errors collector initialized.
[    0.661014] sched_clock: Marking stable (660015510, 0)->(814716842, -154701332)
[    0.662730] registered taskstats version 1
[    0.663442] Loading compiled-in X.509 certificates
[    0.666623] Loaded X.509 cert 'Build time autogenerated kernel key: f4fd64d52b56c4436ddabe28dede97324cd2ad97'
[    0.669183] Loaded X.509 cert 'Canonical Ltd. Live Patch Signing: 14df34d1a87cf37625abec039ef2bf521249b969'
[    0.671463] Loaded X.509 cert 'Canonical Ltd. Kernel Module Signing: 88f752e560a1e0737e31163a466ad7b70a850c19'
[    0.673150] blacklist: Loading compiled-in revocation X.509 certificates
[    0.674230] Loaded X.509 cert 'Canonical Ltd. Secure Boot Signing: 61482aa2830d0ab2ad5af10b7250da9033ddcef0'
[    0.675856] zswap: loaded using pool lzo/zbud
[    0.680059] Key type big_key registered
[    0.680800] Key type trusted registered
[    0.683194] Key type encrypted registered
[    0.683940] AppArmor: AppArmor sha1 policy hashing enabled
[    0.684919] ima: No TPM chip found, activating TPM-bypass! (rc=-19)
[    0.686005] ima: Allocated hash algorithm: sha1
[    0.686798] evm: HMAC attrs: 0x1
[    0.687703]   Magic number: 10:700:131
[    0.688538] rtc_cmos rtc_cmos: setting system clock to 2022-10-15 14:06:55 UTC (1665842815)
[    0.690143] BIOS EDD facility v0.16 2004-Jun-25, 0 devices found
[    0.691151] EDD information not available.
[    0.813651] Freeing unused kernel image memory: 2468K
[    1.536778] Write protecting the kernel read-only data: 20480k
[    1.539023] Freeing unused kernel image memory: 2008K
[    1.540743] Freeing unused kernel image memory: 1820K
[    1.548463] x86/mm: Checked W+X mappings: passed, no W+X pages found.
[    1.549754] x86/mm: Checking user space page tables
[    1.557208] x86/mm: Checked W+X mappings: passed, no W+X pages found.
Loading, please wait...
starting version 237
[    1.624497] e1000: Intel(R) PRO/1000 Network Driver - version 7.3.21-k8-NAPI
[    1.625874] e1000: Copyright (c) 1999-2006 Intel Corporation.
[    1.628684] Fusion MPT base driver 3.04.20
[    1.630552] Copyright (c) 1999-2008 LSI Corporation
[    1.650151] AVX2 version of gcm_enc/dec engaged.
[    1.651028] AES CTR mode by8 optimization enabled
[    1.651916] Fusion MPT SPI Host driver 3.04.20
[    1.864981] input: ImExPS/2 Generic Explorer Mouse as /devices/platform/i8042/serio1/input/input4
[    2.486379] e1000 0000:00:03.0 eth0: (PCI:33MHz:32-bit) 02:e0:b1:59:f4:9d
[    2.487952] e1000 0000:00:03.0 eth0: Intel(R) PRO/1000 Network Connection
[    2.490513] mptbase: ioc0: Initiating bringup
[    3.473267] ioc0: LSI53C1030 A0: Capabilities={Initiator}
[    5.341475] scsi host2: ioc0: LSI53C1030 A0, FwRev=00000000h, Ports=1, MaxQ=256, IRQ=20
[    6.551222] scsi 2:0:0:0: Direct-Access     VBOX     HARDDISK         1.0  PQ: 0 ANSI: 5
[    6.646857] scsi target2:0:0: Beginning Domain Validation
[    6.694305] scsi target2:0:0: Domain Validation skipping write tests
[    6.695392] scsi target2:0:0: Ending Domain Validation
[    6.696428] scsi target2:0:0: asynchronous
[    6.709988] scsi 2:0:1:0: Direct-Access     VBOX     HARDDISK         1.0  PQ: 0 ANSI: 5
[    6.743705] scsi target2:0:1: Beginning Domain Validation
[    6.748920] random: fast init done
[    6.749674] scsi target2:0:1: Domain Validation skipping write tests
[    6.751017] scsi target2:0:1: Ending Domain Validation
[    6.752262] scsi target2:0:1: asynchronous
[    6.756864] random: systemd-udevd: uninitialized urandom read (16 bytes read)
[    6.758481] random: systemd-udevd: uninitialized urandom read (16 bytes read)
[    6.759972] random: systemd-udevd: uninitialized urandom read (16 bytes read)
[    6.761836] sd 2:0:0:0: Attached scsi generic sg0 type 0
[    6.764326] sd 2:0:1:0: Attached scsi generic sg1 type 0
[    6.765751] sd 2:0:1:0: [sdb] 20480 512-byte logical blocks: (10.5 MB/10.0 MiB)
[    6.767418] sd 2:0:1:0: [sdb] Write Protect is off
[    6.768772] sd 2:0:1:0: [sdb] Incomplete mode parameter data
[    6.770047] sd 2:0:1:0: [sdb] Assuming drive cache: write through
[    6.772030] sd 2:0:0:0: [sda] 83886080 512-byte logical blocks: (42.9 GB/40.0 GiB)
[    6.773678] sd 2:0:0:0: [sda] Write Protect is off
[    6.776617] sd 2:0:1:0: [sdb] Attached SCSI disk
[    6.778892] sd 2:0:0:0: [sda] Incomplete mode parameter data
[    6.779884] sd 2:0:0:0: [sda] Assuming drive cache: write through
[    6.788866]  sda: sda1
[    6.789977] sd 2:0:0:0: [sda] Attached SCSI disk
[    6.984183] e1000 0000:00:08.0 eth1: (PCI:33MHz:32-bit) 08:00:27:e6:c1:d1
[    6.985435] e1000 0000:00:08.0 eth1: Intel(R) PRO/1000 Network Connection
[    8.167810] e1000 0000:00:09.0 eth2: (PCI:33MHz:32-bit) 08:00:27:3e:34:36
[    8.169296] e1000 0000:00:09.0 eth2: Intel(R) PRO/1000 Network Connection
[    8.171638] e1000 0000:00:08.0 enp0s8: renamed from eth1
[    8.188538] e1000 0000:00:03.0 enp0s3: renamed from eth0
[    8.204318] e1000 0000:00:09.0 enp0s9: renamed from eth2
Begin: Loading essential drivers ... [    9.879883] raid6: sse2x1   gen() 11166 MB/s
[    9.936140] raid6: sse2x1   xor()  8484 MB/s
[    9.984456] raid6: sse2x2   gen() 11977 MB/s
[   10.036049] raid6: sse2x2   xor()  8350 MB/s
[   10.092014] raid6: sse2x4   gen() 16866 MB/s
[   10.143873] raid6: sse2x4   xor()  9807 MB/s
[   10.195982] raid6: avx2x1   gen() 21650 MB/s
[   10.252851] raid6: avx2x1   xor() 16227 MB/s
[   10.307976] raid6: avx2x2   gen() 27125 MB/s
[   10.365163] raid6: avx2x2   xor() 16560 MB/s
[   10.419977] raid6: avx2x4   gen() 30788 MB/s
[   10.472021] raid6: avx2x4   xor() 17380 MB/s
[   10.473286] raid6: using algorithm avx2x4 gen() 30788 MB/s
[   10.474424] raid6: .... xor() 17380 MB/s, rmw enabled
[   10.475496] raid6: using avx2x2 recovery algorithm
[   10.479003] xor: automatically using best checksumming function   avx       
[   10.482726] async_tx: api initialized (async)
done.
Begin: Running /scripts/init-premount ... done.
Begin: Mounting root file system ... Begin: Running /scripts/local-top ... done.
Begin: Running /scripts/local-premount ... [   10.531834] Btrfs loaded, crc32c=crc32c-intel
Scanning for Btrfs filesystems
done.
Warning: fsck not present, so skipping root file system
[   10.566321] EXT4-fs (sda1): mounted filesystem with ordered data mode. Opts: (null)
done.
Begin: Running /scripts/local-bottom ... done.
Begin: Running /scripts/init-bottom ... done.
[   10.771339] ip_tables: (C) 2000-2006 Netfilter Core Team
[   10.782769] systemd[1]: systemd 237 running in system mode. (+PAM +AUDIT +SELINUX +IMA +APPARMOR +SMACK +SYSVINIT +UTMP +LIBCRYPTSETUP +GCRYPT +GNUTLS +ACL +XZ +LZ4 +SECCOMP +BLKID +ELFUTILS +KMOD -IDN2 +IDN -PCRE2 default-hierarchy=hybrid)
[   10.786661] systemd[1]: Detected virtualization oracle.
[   10.787685] systemd[1]: Detected architecture x86-64.

Welcome to [1mUbuntu 18.04.6 LTS[0m!

[   10.794454] systemd[1]: Set hostname to <ubuntu>.
[   10.798121] systemd[1]: Initializing machine ID from random generator.
[   10.799289] systemd[1]: Installed transient /etc/machine-id file.
[   11.754695] systemd[1]: Reached target Swap.
[[0;32m  OK  [0m] Reached target Swap.
[   11.756720] systemd[1]: Set up automount Arbitrary Executable File Formats File System Automount Point.
[[0;32m  OK  [0m] Set up automount Arbitrary Executab…rmats File System Automount Point.
[   11.762032] systemd[1]: Created slice User and Session Slice.
[[0;32m  OK  [0m] Created slice User and Session Slice.
[   11.764284] systemd[1]: Started Forward Password Requests to Wall Directory Watch.
[[0;32m  OK  [0m] Started Forward Password Requests to Wall Directory Watch.
[[0;32m  OK  [0m] Created slice System Slice.
[[0;32m  OK  [0m] Listening on Syslog Socket.
[[0;32m  OK  [0m] Listening on Device-mapper event daemon FIFOs.
[[0;32m  OK  [0m] Listening on Journal Socket (/dev/log).
[[0;32m  OK  [0m] Listening on Network Service Netlink Socket.
[[0;32m  OK  [0m] Listening on Journal Socket.
         Starting Create list of required st…ce nodes for the current kernel...
         Mounting POSIX Message Queue File System...
         Mounting Huge Pages File System...
         Starting Set the console keyboard layout...
         Starting Load Kernel Modules...
[[0;32m  OK  [0m] Listening on fsck to fsckd communication Socket.
         Starting File System Check on Root Device...
         Mounting Kernel Debug File System...
[[0;32m  OK  [0m] Listening on /dev/initctl Compatibility Named Pipe.
[[0;32m  OK  [0m] Reached target User and Group Name Lookups.
[[0;32m  OK  [0m] Reached target Slices.
[[0;32m  OK  [0m] Listening on udev Kernel Socket.
[[0;32m  OK  [0m] Listening on udev Control Socket.
         Starting udev Coldplug all Devices...
[[0;32m  OK  [0m] Listening on LVM2 poll daemon socket.
[[0;32m  OK  [0m] Created slice system-serial\x2dgetty.slice.
[[0;32m  OK  [0m] Listening on LVM2 metadata daemon socket.
         Starting Monitoring of LVM2 mirrors…ng dmeventd or progress polling...
         Starting Uncomplicated firewall...
[[0;32m  OK  [0m] Reached target System Time Synchronized.
[[0;32m  OK  [0m] Listening on Journal Audit Socket.
         Starting Journal Service...
[[0;32m  OK  [0m] Started Create list of required sta…vice nodes for the current kernel.
         Starting Create Static Device Nodes in /dev...
[   11.824955] Loading iSCSI transport class v2.0-870.
[   11.831716] iscsi: registered transport (tcp)
[[0;32m  OK  [0m] Started File System Check Daemon to report status.
[[0;32m  OK  [0m] Mounted Huge Pages File System.
[[0;32m  OK  [0m] Mounted Kernel Debug File System.
[[0;32m  OK  [0m] Mounted POSIX Message Queue File System.
[[0;32m  OK  [0m] Started LVM2 metadata daemon.
[[0;32m  OK  [0m] Started Uncomplicated firewall.
[[0;32m  OK  [0m] Started udev Coldplug all Devices.
[[0;32m  OK  [0m] Started Create Static Device Nodes in /dev.
[[0;32m  OK  [0m] Started Journal Service.
[[0;32m  OK  [0m] Started File System Check on Root Device.
         Starting Remount Root and Kernel File Systems...
[   11.962845] iscsi: registered transport (iser)
[[0;32m  OK  [0m] Started Load Kernel Modules.
         Mounting FUSE Control File System...
         Mounting Kernel Configuration File System...
         Starting Apply Kernel Variables...
[[0;32m  OK  [0m] Mounted FUSE Control File System.
[[0;32m  OK  [0m] Mounted Kernel Configuration File System.
[[0;32m  OK  [0m] Started Remount Root and Kernel File Systems.
         Starting Flush Journal to Persistent Storage...
         Starting Load/Save Random Seed...
         Starting udev Kernel Device Manager...
[[0;32m  OK  [0m] Started Monitoring of LVM2 mirrors,…sing dmeventd or progress polling.
[[0;32m  OK  [0m] Started Apply Kernel Variables.
[[0;32m  OK  [0m] Started Load/Save Random Seed.
[[0;32m  OK  [0m] Started udev Kernel Device Manager.
[[0;32m  OK  [0m] Started Flush Journal to Persistent Storage.
[[0;32m  OK  [0m] Found device /dev/ttyS0.
[[0;32m  OK  [0m] Listening on Load/Save RF Kill Switch Status /dev/rfkill Watch.
[[0;32m  OK  [0m] Started Set the console keyboard layout.
[[0;32m  OK  [0m] Reached target Local File Systems (Pre).
[[0;32m  OK  [0m] Reached target Local File Systems.
         Starting Commit a transient machine-id on disk...
         Starting Tell Plymouth To Write Out Runtime Data...
         Starting Create Volatile Files and Directories...
         Starting ebtables ruleset management...
         Starting AppArmor initialization...
         Starting Set console font and keymap...
[[0;32m  OK  [0m] Started Dispatch Password Requests to Console Directory Watch.
[[0;32m  OK  [0m] Reached target Local Encrypted Volumes.
[[0;32m  OK  [0m] Started Create Volatile Files and Directories.
         Starting Update UTMP about System Boot/Shutdown...
[[0;32m  OK  [0m] Started Tell Plymouth To Write Out Runtime Data.
[[0;32m  OK  [0m] Started Set console font and keymap.
[[0;32m  OK  [0m] Started Update UTMP about System Boot/Shutdown.
[[0;32m  OK  [0m] Started Commit a transient machine-id on disk.
[[0;32m  OK  [0m] Started ebtables ruleset management.
[[0;32m  OK  [0m] Started AppArmor initialization.
         Starting Initial cloud-init job (pre-networking)...
         Starting Load AppArmor profiles managed internally by snapd...
[[0;32m  OK  [0m] Started Load AppArmor profiles managed internally by snapd.
[   15.252325] cloud-init[685]: Cloud-init v. 22.2-0ubuntu1~18.04.1 running 'init-local' at Sat, 15 Oct 2022 14:07:09 +0000. Up 14.88 seconds.
[[0;32m  OK  [0m] Started Initial cloud-init job (pre-networking).
[[0;32m  OK  [0m] Reached target Network (Pre).
         Starting Network Service...
[[0;32m  OK  [0m] Started Network Service.
         Starting Wait for Network to be Configured...
         Starting Network Name Resolution...
[[0;32m  OK  [0m] Started Network Name Resolution.
[[0;32m  OK  [0m] Reached target Network.
[[0;32m  OK  [0m] Reached target Host and Network Name Lookups.
[[0;32m  OK  [0m] Started Wait for Network to be Configured.
         Starting Initial cloud-init job (metadata service crawler)...
[   17.706313] cloud-init[819]: Cloud-init v. 22.2-0ubuntu1~18.04.1 running 'init' at Sat, 15 Oct 2022 14:07:12 +0000. Up 17.35 seconds.
[   17.707844] cloud-init[819]: ci-info: ++++++++++++++++++++++++++++++++++++++Net device info+++++++++++++++++++++++++++++++++++++++
[   17.709400] cloud-init[819]: ci-info: +--------+-------+----------------------------+---------------+--------+-------------------+
[   17.710891] cloud-init[819]: ci-info: | Device |   Up  |          Address           |      Mask     | Scope  |     Hw-Address    |
[   17.712444] cloud-init[819]: ci-info: +--------+-------+----------------------------+---------------+--------+-------------------+
[   17.713940] cloud-init[819]: ci-info: | enp0s3 |  True |         10.0.2.15          | 255.255.255.0 | global | 02:e0:b1:59:f4:9d |
[   17.715464] cloud-init[819]: ci-info: | enp0s3 |  True | fe80::e0:b1ff:fe59:f49d/64 |       .       |  link  | 02:e0:b1:59:f4:9d |
[   17.717077] cloud-init[819]: ci-info: | enp0s8 | False |             .              |       .       |   .    | 08:00:27:e6:c1:d1 |
[   17.718556] cloud-init[819]: ci-info: | enp0s9 | False |             .              |       .       |   .    | 08:00:27:3e:34:36 |
[   17.720130] cloud-init[819]: ci-info: |   lo   |  True |         127.0.0.1          |   255.0.0.0   |  host  |         .         |
[   17.721637] cloud-init[819]: ci-info: |   lo   |  True |          ::1/128           |       .       |  host  |         .         |
[   17.723147] cloud-init[819]: ci-info: +--------+-------+----------------------------+---------------+--------+-------------------+
[   17.724697] cloud-init[819]: ci-info: ++++++++++++++++++++++++++++Route IPv4 info+++++++++++++++++++++++++++++
[   17.726034] cloud-init[819]: ci-info: +-------+-------------+----------+-----------------+-----------+-------+
[   17.727346] cloud-init[819]: ci-info: | Route | Destination | Gateway  |     Genmask     | Interface | Flags |
[   17.728679] cloud-init[819]: ci-info: +-------+-------------+----------+-----------------+-----------+-------+
[   17.730009] cloud-init[819]: ci-info: |   0   |   0.0.0.0   | 10.0.2.2 |     0.0.0.0     |   enp0s3  |   UG  |
[   17.731342] cloud-init[819]: ci-info: |   1   |   10.0.2.0  | 0.0.0.0  |  255.255.255.0  |   enp0s3  |   U   |
[   17.732698] cloud-init[819]: ci-info: |   2   |   10.0.2.2  | 0.0.0.0  | 255.255.255.255 |   enp0s3  |   UH  |
[   17.734011] cloud-init[819]: ci-info: +-------+-------------+----------+-----------------+-----------+-------+
[   17.735347] cloud-init[819]: ci-info: +++++++++++++++++++Route IPv6 info+++++++++++++++++++
[   17.736534] cloud-init[819]: ci-info: +-------+-------------+---------+-----------+-------+
[   17.737714] cloud-init[819]: ci-info: | Route | Destination | Gateway | Interface | Flags |
[   17.738843] cloud-init[819]: ci-info: +-------+-------------+---------+-----------+-------+
[   17.740005] cloud-init[819]: ci-info: |   1   |  fe80::/64  |    ::   |   enp0s3  |   U   |
[   17.741212] cloud-init[819]: ci-info: |   3   |    local    |    ::   |   enp0s3  |   U   |
[   17.742338] cloud-init[819]: ci-info: |   4   |   ff00::/8  |    ::   |   enp0s3  |   U   |
[   17.743497] cloud-init[819]: ci-info: +-------+-------------+---------+-----------+-------+
[   19.173180] cloud-init[819]: Generating public/private rsa key pair.
[   19.174164] cloud-init[819]: Your identification has been saved in /etc/ssh/ssh_host_rsa_key.
[   19.175539] cloud-init[819]: Your public key has been saved in /etc/ssh/ssh_host_rsa_key.pub.
[   19.177136] cloud-init[819]: The key fingerprint is:
[   19.178139] cloud-init[819]: SHA256:D6jFANxMgB43GdG7y4EwjjfjXI7+TAo70Fc/BV/3w94 root@ubuntu-bionic
[   19.179711] cloud-init[819]: The key's randomart image is:
[   19.180868] cloud-init[819]: +---[RSA 2048]----+
[   19.181857] cloud-init[819]: | ooB*            |
[   19.182794] cloud-init[819]: |...=o.  .   . .  |
[   19.183734] cloud-init[819]: |. o o .  o . ... |
[   19.184730] cloud-init[819]: | +   +..  o    o.|
[   19.185726] cloud-init[819]: |o.o ..=.S.    . o|
[   19.186690] cloud-init[819]: |o.=.o=  oo     .E|
[   19.187595] cloud-init[819]: |o+ B+ o  ..      |
[   19.188605] cloud-init[819]: |.o++.o           |
[   19.189609] cloud-init[819]: |.oo.o            |
[   19.190393] cloud-init[819]: +----[SHA256]-----+
[   19.191151] cloud-init[819]: Generating public/private dsa key pair.
[   19.192153] cloud-init[819]: Your identification has been saved in /etc/ssh/ssh_host_dsa_key.
[   19.193316] cloud-init[819]: Your public key has been saved in /etc/ssh/ssh_host_dsa_key.pub.
[   19.194492] cloud-init[819]: The key fingerprint is:
[   19.195279] cloud-init[819]: SHA256:iWi3aItQt/BI0bV7TxgQqESwDl4+BSisL29o45G68sw root@ubuntu-bionic
[   19.196533] cloud-init[819]: The key's randomart image is:
[   19.197404] cloud-init[819]: +---[DSA 1024]----+
[   19.198386] cloud-init[819]: |ooo. .+.         |
[   19.199166] cloud-init[819]: |.+..o. o         |
[   19.199965] cloud-init[819]: |=..o... .        |
[   19.200774] cloud-init[819]: |= +... o +       |
[   19.201569] cloud-init[819]: | ++o+ + S .      |
[   19.202328] cloud-init[819]: |.oo*.+ o o       |
[   19.203045] cloud-init[819]: |.*. = .   .      |
[   19.203824] cloud-init[819]: |+*+o .           |
[   19.204610] cloud-init[819]: |*=E .            |
[   19.205385] cloud-init[819]: +----[SHA256]-----+
[   19.206160] cloud-init[819]: Generating public/private ecdsa key pair.
[   19.207141] cloud-init[819]: Your identification has been saved in /etc/ssh/ssh_host_ecdsa_key.
[   19.208381] cloud-init[819]: Your public key has been saved in /etc/ssh/ssh_host_ecdsa_key.pub.
[   19.209584] cloud-init[819]: The key fingerprint is:
[   19.210373] cloud-init[819]: SHA256:xdJGWYfGF7QVrxXpmqau+TX8wzj+R92x8oUnT9Axxpw root@ubuntu-bionic
[   19.211572] cloud-init[819]: The key's randomart image is:
[   19.212466] cloud-init[819]: +---[ECDSA 256]---+
[   19.213253] cloud-init[819]: |          .+.o*+=|
[   19.214035] cloud-init[819]: |         +. +..Eo|
[   19.214814] cloud-init[819]: |        . =. .+.=|
[   19.215587] cloud-init[819]: |         +    .=.|
[   19.216426] cloud-init[819]: |        S     +o=|
[   19.217220] cloud-init[819]: |            .=o.B|
[   19.217997] cloud-init[819]: |            o+=*.|
[   19.218787] [[0;32m  OK  [0m] Started Initial cloud-init job (metadata service crawler).
[[0;32m  OK  [0m] Reached target Network is Online.
cloud-init[819]: |          ...oo+o|         Starting Availability of block devices...
[[0;32m  OK  [0m] Reached target Remote File Systems (Pre).
[[0;32m  OK  [0m] Reached target Remote File Systems.
[[0;32m  OK  [0m] Reached target Cloud-config availability.
[[0;32m  OK  [0m] Reached target System Initialization.
[[0;32m  OK  [0m] Started Daily apt download activities.
[[0;32m  OK  [0m] Listening on D-Bus System Message Bus Socket.
[[0;32m  OK  [0m] Listening on cloud-init hotplug hook socket.
[[0;32m  OK  [0m] Started Message of the Day.

         Starting LXD - unix socket.
[   19.233981] cloud-init[819]: |         o+o..ooo|
[[0;32m  OK  [0m] Started Discard unused blocks once a week.
[[0;32m  OK  [0m] Listening on ACPID Listen Socket.
         Starting Socket activation for snappy daemon.
[[0;32m  OK  [0m] Started Daily apt upgrade and clean activities.
[   19.240867] cloud-init[819]: +----[SHA256]-----+
[   19.241630] cloud-init[819]: Generating public/private ed25519 key pair.
[   19.241716] cloud-init[819]: Your identification has been saved in /etc/ssh/ssh_host_ed25519_key.
[   19.242025] cloud-init[819]: Your public key has been saved in /etc/ssh/ssh_host_ed25519_key.pub.
[   19.242741] cloud-init[819]: The key fingerprint is:
[   19.243424] cloud-init[819]: SHA256:q0Hcsn0kr1s0l0qXE7MWVlfUl22zyROu/bJrU1v0X6U root@ubuntu-bionic
[   19.243940] cloud-init[819]: The key's randomart image is:
[   19.244499] cloud-init[819]: +--[ED25519 256]--+
[   19.245214] cloud-init[819]: |              ..O|
[   19.245693] cloud-init[819]: |             . ==|
[   19.246496] cloud-init[819]: |            = o.*|
[   19.247234] cloud-init[819]: |     . .   . B *o|
[   19.247773] cloud-init[819]: |      + S = O oo+|
[   19.248466] cloud-init[819]: |     . + B * oE.=|
[   19.248713] cloud-init[819]: |      o o =    .*|
[   19.249084] cloud-init[819]: |       o +    +.o|
[   19.249503] cloud-init[819]: |      . o.   .o= |
[   19.249595] cloud-init[819]: +----[SHA256]-----+
[[0;32m  OK  [0m] Listening on Open-iSCSI iscsid Socket.
[[0;32m  OK  [0m] Listening on UUID daemon activation socket.
[[0;32m  OK  [0m] Started Ubuntu Advantage Timer for running repeated jobs.
[[0;32m  OK  [0m] Started Daily Cleanup of Temporary Directories.
[[0;32m  OK  [0m] Reached target Timers.
[[0;32m  OK  [0m] Started ACPI Events Check.
[[0;32m  OK  [0m] Started Trigger to poll for Ubuntu …(Only enabled on GCP LTS non-pro).
[[0;32m  OK  [0m] Reached target Paths.
[[0;32m  OK  [0m] Started Availability of block devices.
[[0;32m  OK  [0m] Listening on LXD - unix socket.
[[0;32m  OK  [0m] Listening on Socket activation for snappy daemon.
[[0;32m  OK  [0m] Reached target Sockets.
[[0;32m  OK  [0m] Reached target Basic System.
         Starting Pollinate to seed the pseudo random number generator...
         Starting System Logging Service...
         Starting Dispatcher daemon for systemd-networkd...
[[0;32m  OK  [0m] Started D-Bus System Message Bus.
         Starting LSB: Record successful boot for GRUB...
[[0;32m  OK  [0m] Started FUSE filesystem for LXC.
[[0;32m  OK  [0m] Started Regular background program processing daemon.
         Starting Accounts Service...
         Starting Login Service...
         Starting Virtualbox guest utils...
[[0;32m  OK  [0m] Started irqbalance daemon.
[[0;32m  OK  [0m] Started Deferred execution scheduler.
         Starting Permit User Sessions...
         Starting LSB: automatic crash report generation...
         Starting Snap Daemon...
         Starting LXD - container startup/shutdown...
[[0;32m  OK  [0m] Started System Logging Service.
[[0;32m  OK  [0m] Started Permit User Sessions.
[[0;32m  OK  [0m] Started Login Service.
         Starting Authorization Manager...
[[0;32m  OK  [0m] Started Unattended Upgrades Shutdown.
         Starting Hold until boot process finishes up...
         Starting Terminate Plymouth Boot Screen...
[[0;32m  OK  [0m] Started Hold until boot process finishes up.
         Starting Set console scheme...
[[0;32m  OK  [0m] Started Serial Getty on ttyS0.
[[0;32m  OK  [0m] Started Terminate Plymouth Boot Screen.
[[0;32m  OK  [0m] Started Set console scheme.
[[0;32m  OK  [0m] Created slice system-getty.slice.
[[0;32m  OK  [0m] Started Getty on tty1.
[[0;32m  OK  [0m] Reached target Login Prompts.
[[0;32m  OK  [0m] Started LSB: automatic crash report generation.
[[0;32m  OK  [0m] Started LSB: Record successful boot for GRUB.
[[0;32m  OK  [0m] Started Authorization Manager.
[[0;32m  OK  [0m] Started Accounts Service.
[[0;32m  OK  [0m] Started Dispatcher daemon for systemd-networkd.
[[0;32m  OK  [0m] Started LXD - container startup/shutdown.
[[0;32m  OK  [0m] Started Virtualbox guest utils.
[[0;32m  OK  [0m] Started Snap Daemon.
         Starting Wait until snapd is fully seeded...
         Starting Time & Date Service...
[[0;32m  OK  [0m] Started Time & Date Service.
[[0;32m  OK  [0m] Started Pollinate to seed the pseudo random number generator.
         Starting OpenBSD Secure Shell server...
[[0;32m  OK  [0m] Started OpenBSD Secure Shell server.
[[0;32m  OK  [0m] Created slice User Slice of vagrant.
         Starting User Manager for UID 1000...
[[0;32m  OK  [0m] Started Session 1 of user vagrant.
[[0;32m  OK  [0m] Started User Manager for UID 1000.
[[0;32m  OK  [0m] Started Wait until snapd is fully seeded.
[[0;32m  OK  [0m] Reached target Multi-User System.
[[0;32m  OK  [0m] Reached target Graphical Interface.
         Starting Update UTMP about System Runlevel Changes...
         Starting Apply the settings specified in cloud-config...
[[0;32m  OK  [0m] Started Update UTMP about System Runlevel Changes.
[   24.104561] cloud-init[1500]: Cloud-init v. 22.2-0ubuntu1~18.04.1 running 'modules:config' at Sat, 15 Oct 2022 14:07:18 +0000. Up 23.62 seconds.
[[0;32m  OK  [0m] Started Apply the settings specified in cloud-config.
         Starting Execute cloud user/final scripts...
         Stopping User Manager for UID 1000...
[[0;32m  OK  [0m] Stopped User Manager for UID 1000.
[[0;32m  OK  [0m] Removed slice User Slice of vagrant.
ci-info: no authorized SSH keys fingerprints found for user ubuntu.
<14>Oct 15 14:07:19 cloud-init: #############################################################
<14>Oct 15 14:07:19 cloud-init: -----BEGIN SSH HOST KEY FINGERPRINTS-----
<14>Oct 15 14:07:19 cloud-init: 1024 SHA256:iWi3aItQt/BI0bV7TxgQqESwDl4+BSisL29o45G68sw root@ubuntu-bionic (DSA)
<14>Oct 15 14:07:19 cloud-init: 256 SHA256:xdJGWYfGF7QVrxXpmqau+TX8wzj+R92x8oUnT9Axxpw root@ubuntu-bionic (ECDSA)
<14>Oct 15 14:07:19 cloud-init: 256 SHA256:q0Hcsn0kr1s0l0qXE7MWVlfUl22zyROu/bJrU1v0X6U root@ubuntu-bionic (ED25519)
<14>Oct 15 14:07:19 cloud-init: 2048 SHA256:D6jFANxMgB43GdG7y4EwjjfjXI7+TAo70Fc/BV/3w94 root@ubuntu-bionic (RSA)
<14>Oct 15 14:07:19 cloud-init: -----END SSH HOST KEY FINGERPRINTS-----
<14>Oct 15 14:07:19 cloud-init: #############################################################
-----BEGIN SSH HOST KEY KEYS-----
ecdsa-sha2-nistp256 AAAAE2VjZHNhLXNoYTItbmlzdHAyNTYAAAAIbmlzdHAyNTYAAABBBJE8RJhURMQ77yY6vnpno6izbu5SBo45mNh9dzvE24ZhcnxcLmt5+Ue8NncHWHq3aHghrZlkn0zFelwPLf74wkI= root@ubuntu-bionic
ssh-ed25519 AAAAC3NzaC1lZDI1NTE5AAAAIPaZ9KbVvNXM9QY1OYvyPQ1jqyoZuc2ztECCa6Ng2mqm root@ubuntu-bionic
ssh-rsa AAAAB3NzaC1yc2EAAAADAQABAAABAQDCljRC1ovsO8ePrpVzlj9Cc5EBlx3XTcsDU+B46XMx5suUeTczlLS8I1rTGYkQ6EsdUF6Rcg9gdIRPDXzOp015Cw7hGo7w4s4PqgFY5FG0EzO1cMo9VC5iY0XSgfOy5e3DFWNjW00ZPhGJsvcDz4Z480FO9+dLM7A+FeFf74tu/aaR8xgLS8lb1kKqqC3KlVeb+y6YPg8NbNX78KMxY5PuDkz6nuaKJfQ99bFNFNFJu8Pl3HtsF4gNbEG195kIgBJr4K5xPvtRVTFSfMx9MgODQgOnxDZcNj8Gz7OBe0Ax2ZO1VDzX74+xtYA97JExfXpKXAa4TueJgFTy9f1QA+Dr root@ubuntu-bionic
-----END SSH HOST KEY KEYS-----
[   24.794481] cloud-init[1674]: Cloud-init v. 22.2-0ubuntu1~18.04.1 running 'modules:final' at Sat, 15 Oct 2022 14:07:19 +0000. Up 24.55 seconds.
[   24.794864] cloud-init[1674]: Cloud-init v. 22.2-0ubuntu1~18.04.1 finished at Sat, 15 Oct 2022 14:07:19 +0000. Datasource DataSourceNoCloud [seed=/dev/sdb][dsmode=net].  Up 24.78 seconds

Ubuntu 18.04.6 LTS ubuntu-bionic ttyS0

ubuntu-bionic login: 